work_num = 8
ab -n 10000 -c 2000 -k 127.0.0.1:18306/
进行5次测试，以下为最高QPS记录

This is ApacheBench, Version 2.3 <$Revision: 1843412 $>

Server Software:        swoole-http-server
Server Hostname:        127.0.0.1
Server Port:            18306

Document Path:          /
Document Length:        5 bytes

Concurrency Level:      2000
Time taken for tests:   0.479 seconds
Complete requests:      10000
Failed requests:        0
Keep-Alive requests:    10000
Total transferred:      1640000 bytes
HTML transferred:       50000 bytes
Requests per second:    20870.77 [#/sec] (mean)
Time per request:       95.828 [ms] (mean)
Time per request:       0.048 [ms] (mean, across all concurrent requests)
Transfer rate:          3342.58 [Kbytes/sec] received

Connection Times (ms)
              min  mean[+/-sd] median   max
Connect:        0   15  30.5      0      94
Processing:    30   63  14.3     61      99
Waiting:        0   63  14.3     61      99
Total:         30   78  30.2     69     153

Percentage of the requests served within a certain time (ms)
  50%     69
  66%     81
  75%     85
  80%     99
  90%    133
  95%    140
  98%    146
  99%    148
 100%    153 (longest request)

work_num = 8
ab -n 10000 -c 2000 -k 127.0.0.1:18306/
进行5次测试，以下为最高QPS记录

This is ApacheBench, Version 2.3 <$Revision: 1843412 $>

Server Software:        swoole-http-server
Server Hostname:        127.0.0.1
Server Port:            18306

Document Path:          /
Document Length:        5 bytes

Concurrency Level:      2000
Time taken for tests:   1.207 seconds
Complete requests:      10000
Failed requests:        0
Keep-Alive requests:    10000
Total transferred:      1640000 bytes
HTML transferred:       50000 bytes
Requests per second:    8284.98 [#/sec] (mean)
Time per request:       241.401 [ms] (mean)
Time per request:       0.121 [ms] (mean, across all concurrent requests)
Transfer rate:          1326.89 [Kbytes/sec] received

Connection Times (ms)
              min  mean[+/-sd] median   max
Connect:        0   16  32.8      0     108
Processing:    51  194  49.5    208     242
Waiting:        1  194  49.5    208     242
Total:         55  210  21.0    208     252

Percentage of the requests served within a certain time (ms)
  50%    208
  66%    218
  75%    223
  80%    226
  90%    233
  95%    237
  98%    241
  99%    242
 100%    252 (longest request)